Arguments: 
  D:\nodejs\node.exe C:\Users\capsl\AppData\Roaming\npm\node_modules\yarn\bin\yarn.js add webpack-dev-server

PATH: 
  C:\Program Files (x86)\Common Files\Oracle\Java\javapath;C:\Python38\Scripts\;C:\Python38\;C:\Windows\system32;C:\Windows;C:\Windows\System32\Wbem;C:\Windows\System32\WindowsPowerShell\v1.0\;C:\Windows\System32\OpenSSH\;D:\nodejs\;C:\ProgramData\chocolatey\bin;C:\Program Files\Git\cmd;C:\Users\capsl\AppData\Local\Android\Sdk;C:\Users\capsl\AppData\Local\Android\Sdk\platform-tools;C:\Users\capsl\AppData\Local\Android\Sdk\emulator;C:\Users\capsl\AppData\Roaming\npm;C:\Program Files\Java\jdk-14.0.2\bin;C:\Program Files\Java\jre1.8.0_261\bin;C:\Program Files\MongoDB\Server\4.4\bin;C:\Users\capsl\AppData\Local\Programs\Python\Python38-32\Scripts\;C:\Users\capsl\AppData\Local\Programs\Python\Python38-32\;C:\Users\capsl\AppData\Local\Microsoft\WindowsApps;C:\Users\capsl\AppData\Roaming\npm;D:\Programs\Microsoft VS Code\bin;C:\Program Files\Java\jdk-14.0.2;C:\Program Files\MongoDB\Server\4.4\bin;

Yarn version: 
  1.22.5

Node version: 
  12.18.1

Platform: 
  win32 x64

Trace: 
  Error: ENOENT: no such file or directory, open 'C:\Users\capsl\AppData\Local\Yarn\Cache\v6\npm-caniuse-db-1.0.30001135-f205f85f6eae855d910ae9be486585cd586bbfb9-integrity\node_modules\caniuse-db\.yarn-metadata.json'

npm manifest: 
  {
    "name": "gaz",
    "version": "1.0.0",
    "description": "magazine",
    "main": "server.js",
    "scripts": {
      "set_dev": "NODE_ENV=development webpack",
      "dev": "set NODE_ENV=development babel-node server.js",
      "modules": "NODE_ENV=development webpack --display-modules",
      "prod": "set NODE_ENV=production && webpack --progress",
      "start": "node index.js",
      "wpack": "webpack"
    },
    "repository": {
      "type": "git",
      "url": "git+https://Garris@bitbucket.org/Garris/gaz.git"
    },
    "author": "Garris",
    "license": "ISC",
    "homepage": "https://bitbucket.org/Garris/gaz#readme",
    "devDependencies": {
      "babel-cli": "^6.26.0",
      "babel-core": "^6.26.0",
      "babel-loader": "^7.1.2",
      "babel-plugin-import": "^1.6.2",
      "babel-plugin-syntax-dynamic-import": "^6.18.0",
      "babel-plugin-transform-class-properties": "^6.24.1",
      "babel-plugin-transform-decorators-legacy": "^1.3.4",
      "babel-polyfill": "^6.26.0",
      "babel-preset-env": "^1.6.1",
      "babel-preset-react": "^6.24.1",
      "babel-register": "^6.26.0",
      "body-parser": "^1.18.2",
      "clean-webpack-plugin": "^0.1.17",
      "cookie-parser": "^1.4.3",
      "css-loader": "^0.28.7",
      "express": "^4.16.2",
      "file-loader": "^1.1.6",
      "html-webpack-plugin": "^2.30.1",
      "jsonwebtoken": "^8.1.0",
      "less": "^2.7.3",
      "less-loader": "^4.0.5",
      "multer": "^1.3.0",
      "pg": "^7.4.0",
      "react-hot-loader": "^3.1.3",
      "style-loader": "^0.19.0",
      "webpack": "^3.10.0",
      "webpack-cli": "^3.3.12",
      "webpack-config": "^7.5.0",
      "webpack-dev-middleware": "^1.12.2",
      "webpack-hot-middleware": "^2.21.0"
    },
    "dependencies": {
      "antd": "^3.1.1",
      "exceljs": "^1.1.3",
      "mobx": "^3.4.1",
      "mobx-react": "^4.3.5",
      "moment": "^2.19.3",
      "react": "^16.2.0",
      "react-dom": "^16.2.0",
      "react-router-dom": "^4.2.2"
    }
  }

yarn manifest: 
  No manifest

Lockfile: 
  No lockfile
